<?xml version="1.0" encoding="UTF-8"?>
<testsuite xmlns:xsi="http://www.w3.org/2001/XMLSchema-instance" xsi:noNamespaceSchemaLocation="https://maven.apache.org/surefire/maven-surefire-plugin/xsd/surefire-test-report.xsd" name="runners.SmokeRunner" time="0.411" tests="8" errors="0" skipped="0" failures="2">
  <properties>
    <property name="java.specification.version" value="14"/>
    <property name="sun.jnu.encoding" value="UTF-8"/>
    <property name="java.class.path" value="/Users/askarmusakunov/Documents/DevCourse/cucumber_summer2020/target/test-classes:/Users/askarmusakunov/Documents/DevCourse/cucumber_summer2020/target/classes:/Users/askarmusakunov/.m2/repository/junit/junit/4.12/junit-4.12.jar:/Users/askarmusakunov/.m2/repository/org/hamcrest/hamcrest-core/1.3/hamcrest-core-1.3.jar:/Users/askarmusakunov/.m2/repository/info/cukes/cucumber-java/1.2.5/cucumber-java-1.2.5.jar:/Users/askarmusakunov/.m2/repository/info/cukes/cucumber-junit/1.2.5/cucumber-junit-1.2.5.jar:/Users/askarmusakunov/.m2/repository/io/cucumber/cucumber-core/1.2.6/cucumber-core-1.2.6.jar:/Users/askarmusakunov/.m2/repository/info/cukes/cucumber-html/0.2.3/cucumber-html-0.2.3.jar:/Users/askarmusakunov/.m2/repository/info/cukes/cucumber-jvm-deps/1.0.5/cucumber-jvm-deps-1.0.5.jar:/Users/askarmusakunov/.m2/repository/info/cukes/gherkin/2.12.2/gherkin-2.12.2.jar:"/>
    <property name="java.vm.vendor" value="Oracle Corporation"/>
    <property name="sun.arch.data.model" value="64"/>
    <property name="java.vendor.url" value="https://openjdk.java.net/"/>
    <property name="os.name" value="Mac OS X"/>
    <property name="java.vm.specification.version" value="14"/>
    <property name="sun.java.launcher" value="SUN_STANDARD"/>
    <property name="user.country" value="US"/>
    <property name="sun.boot.library.path" value="/usr/local/Cellar/openjdk/14.0.1/libexec/openjdk.jdk/Contents/Home/lib"/>
    <property name="sun.java.command" value="/Users/askarmusakunov/Documents/DevCourse/cucumber_summer2020/target/surefire/surefirebooter16020416232611051090.jar /Users/askarmusakunov/Documents/DevCourse/cucumber_summer2020/target/surefire 2020-10-27T20-17-33_856-jvmRun1 surefire18236918321160260263tmp surefire_014520987327543677379tmp"/>
    <property name="http.nonProxyHosts" value="local|*.local|169.254/16|*.169.254/16"/>
    <property name="jdk.debug" value="release"/>
    <property name="surefire.test.class.path" value="/Users/askarmusakunov/Documents/DevCourse/cucumber_summer2020/target/test-classes:/Users/askarmusakunov/Documents/DevCourse/cucumber_summer2020/target/classes:/Users/askarmusakunov/.m2/repository/junit/junit/4.12/junit-4.12.jar:/Users/askarmusakunov/.m2/repository/org/hamcrest/hamcrest-core/1.3/hamcrest-core-1.3.jar:/Users/askarmusakunov/.m2/repository/info/cukes/cucumber-java/1.2.5/cucumber-java-1.2.5.jar:/Users/askarmusakunov/.m2/repository/info/cukes/cucumber-junit/1.2.5/cucumber-junit-1.2.5.jar:/Users/askarmusakunov/.m2/repository/io/cucumber/cucumber-core/1.2.6/cucumber-core-1.2.6.jar:/Users/askarmusakunov/.m2/repository/info/cukes/cucumber-html/0.2.3/cucumber-html-0.2.3.jar:/Users/askarmusakunov/.m2/repository/info/cukes/cucumber-jvm-deps/1.0.5/cucumber-jvm-deps-1.0.5.jar:/Users/askarmusakunov/.m2/repository/info/cukes/gherkin/2.12.2/gherkin-2.12.2.jar:"/>
    <property name="sun.cpu.endian" value="little"/>
    <property name="user.home" value="/Users/askarmusakunov"/>
    <property name="user.language" value="en"/>
    <property name="java.specification.vendor" value="Oracle Corporation"/>
    <property name="java.version.date" value="2020-04-14"/>
    <property name="java.home" value="/usr/local/Cellar/openjdk/14.0.1/libexec/openjdk.jdk/Contents/Home"/>
    <property name="file.separator" value="/"/>
    <property name="basedir" value="/Users/askarmusakunov/Documents/DevCourse/cucumber_summer2020"/>
    <property name="java.vm.compressedOopsMode" value="Zero based"/>
    <property name="line.separator" value="&#10;"/>
    <property name="java.specification.name" value="Java Platform API Specification"/>
    <property name="java.vm.specification.vendor" value="Oracle Corporation"/>
    <property name="surefire.real.class.path" value="/Users/askarmusakunov/Documents/DevCourse/cucumber_summer2020/target/surefire/surefirebooter16020416232611051090.jar"/>
    <property name="sun.management.compiler" value="HotSpot 64-Bit Tiered Compilers"/>
    <property name="ftp.nonProxyHosts" value="local|*.local|169.254/16|*.169.254/16"/>
    <property name="java.runtime.version" value="14.0.1+14"/>
    <property name="user.name" value="askarmusakunov"/>
    <property name="path.separator" value=":"/>
    <property name="os.version" value="10.15.3"/>
    <property name="java.runtime.name" value="OpenJDK Runtime Environment"/>
    <property name="file.encoding" value="UTF-8"/>
    <property name="java.vm.name" value="OpenJDK 64-Bit Server VM"/>
    <property name="localRepository" value="/Users/askarmusakunov/.m2/repository"/>
    <property name="java.vendor.url.bug" value="https://bugreport.java.com/bugreport/"/>
    <property name="java.io.tmpdir" value="/var/folders/vf/z9ll37j94yj49hrxqk8ckyvr0000gn/T/"/>
    <property name="java.version" value="14.0.1"/>
    <property name="user.dir" value="/Users/askarmusakunov/Documents/DevCourse/cucumber_summer2020"/>
    <property name="os.arch" value="x86_64"/>
    <property name="java.vm.specification.name" value="Java Virtual Machine Specification"/>
    <property name="java.library.path" value="/Users/askarmusakunov/Library/Java/Extensions:/Library/Java/Extensions:/Network/Library/Java/Extensions:/System/Library/Java/Extensions:/usr/lib/java:."/>
    <property name="java.vm.info" value="mixed mode, sharing"/>
    <property name="java.vendor" value="N/A"/>
    <property name="java.vm.version" value="14.0.1+14"/>
    <property name="sun.io.unicode.encoding" value="UnicodeBig"/>
    <property name="socksNonProxyHosts" value="local|*.local|169.254/16|*.169.254/16"/>
    <property name="java.class.version" value="58.0"/>
  </properties>
  <testcase name="Given the user accounts are created" classname="Scenario: Withdraw after opening account" time="0.001"/>
  <testcase name="When the users withdraw" classname="Scenario: Withdraw after opening account" time="0"/>
  <testcase name="Then the users have the following balances" classname="Scenario: Withdraw after opening account" time="0.003">
    <failure message="expected:&lt;150.0&gt; but was:&lt;100.0&gt;" type="java.lang.AssertionError"><![CDATA[java.lang.AssertionError: expected:<150.0> but was:<100.0>
]]></failure>
  </testcase>
  <testcase name="Scenario: Withdraw after opening account" classname="Scenario: Withdraw after opening account" time="0.003">
    <failure message="expected:&lt;150.0&gt; but was:&lt;100.0&gt;" type="java.lang.AssertionError"><![CDATA[java.lang.AssertionError: expected:<150.0> but was:<100.0>
]]></failure>
  </testcase>
  <testcase name="Given the following user account is created" classname="Scenario: Multiple Account Deposit Test" time="0"/>
  <testcase name="When the following deposits are made" classname="Scenario: Multiple Account Deposit Test" time="0"/>
  <testcase name="Then accounts have the following balances" classname="Scenario: Multiple Account Deposit Test" time="0"/>
  <testcase name="Scenario: Multiple Account Deposit Test" classname="Scenario: Multiple Account Deposit Test" time="0.001"/>
</testsuite>