<?xml version="1.0" encoding="UTF-8" ?>
<testsuite tests="63" failures="0" name="runners.RegressionRunnerTest" time="0.012" errors="0" skipped="0">
  <properties>
    <property name="java.runtime.name" value="Java(TM) SE Runtime Environment"/>
    <property name="sun.boot.library.path" value="/Library/Java/JavaVirtualMachines/jdk1.8.0_241.jdk/Contents/Home/jre/lib"/>
    <property name="java.vm.version" value="25.241-b07"/>
    <property name="gopherProxySet" value="false"/>
    <property name="java.vm.vendor" value="Oracle Corporation"/>
    <property name="maven.multiModuleProjectDirectory" value="/Users/askarmusakunov/Documents/DevCourse/cucumber_summer2020"/>
    <property name="java.vendor.url" value="http://java.oracle.com/"/>
    <property name="path.separator" value=":"/>
    <property name="guice.disable.misplaced.annotation.check" value="true"/>
    <property name="java.vm.name" value="Java HotSpot(TM) 64-Bit Server VM"/>
    <property name="file.encoding.pkg" value="sun.io"/>
    <property name="user.country" value="US"/>
    <property name="sun.java.launcher" value="SUN_STANDARD"/>
    <property name="sun.os.patch.level" value="unknown"/>
    <property name="java.vm.specification.name" value="Java Virtual Machine Specification"/>
    <property name="user.dir" value="/Users/askarmusakunov/Documents/DevCourse/cucumber_summer2020"/>
    <property name="java.runtime.version" value="1.8.0_241-b07"/>
    <property name="java.awt.graphicsenv" value="sun.awt.CGraphicsEnvironment"/>
    <property name="java.endorsed.dirs" value="/Library/Java/JavaVirtualMachines/jdk1.8.0_241.jdk/Contents/Home/jre/lib/endorsed"/>
    <property name="os.arch" value="x86_64"/>
    <property name="java.io.tmpdir" value="/var/folders/vf/z9ll37j94yj49hrxqk8ckyvr0000gn/T/"/>
    <property name="line.separator" value="
"/>
    <property name="java.vm.specification.vendor" value="Oracle Corporation"/>
    <property name="os.name" value="Mac OS X"/>
    <property name="maven.ext.class.path" value="/Applications/IntelliJ IDEA CE.app/Contents/plugins/maven/lib/maven-event-listener.jar"/>
    <property name="classworlds.conf" value="/Applications/IntelliJ IDEA CE.app/Contents/plugins/maven/lib/maven3/bin/m2.conf"/>
    <property name="sun.jnu.encoding" value="UTF-8"/>
    <property name="java.library.path" value="/Users/askarmusakunov/Library/Java/Extensions:/Library/Java/Extensions:/Network/Library/Java/Extensions:/System/Library/Java/Extensions:/usr/lib/java:."/>
    <property name="maven.conf" value="/Applications/IntelliJ IDEA CE.app/Contents/plugins/maven/lib/maven3/conf"/>
    <property name="java.specification.name" value="Java Platform API Specification"/>
    <property name="java.class.version" value="52.0"/>
    <property name="sun.management.compiler" value="HotSpot 64-Bit Tiered Compilers"/>
    <property name="os.version" value="10.15.3"/>
    <property name="http.nonProxyHosts" value="local|*.local|169.254/16|*.169.254/16"/>
    <property name="user.home" value="/Users/askarmusakunov"/>
    <property name="user.timezone" value="America/Chicago"/>
    <property name="java.awt.printerjob" value="sun.lwawt.macosx.CPrinterJob"/>
    <property name="java.specification.version" value="1.8"/>
    <property name="file.encoding" value="UTF-8"/>
    <property name="user.name" value="askarmusakunov"/>
    <property name="java.class.path" value="/Applications/IntelliJ IDEA CE.app/Contents/plugins/maven/lib/maven3/boot/plexus-classworlds.license:/Applications/IntelliJ IDEA CE.app/Contents/plugins/maven/lib/maven3/boot/plexus-classworlds-2.6.0.jar:/Applications/IntelliJ IDEA CE.app/Contents/lib/idea_rt.jar"/>
    <property name="java.vm.specification.version" value="1.8"/>
    <property name="sun.arch.data.model" value="64"/>
    <property name="java.home" value="/Library/Java/JavaVirtualMachines/jdk1.8.0_241.jdk/Contents/Home/jre"/>
    <property name="sun.java.command" value="org.codehaus.classworlds.Launcher -Didea.version2020.1.2 test"/>
    <property name="java.specification.vendor" value="Oracle Corporation"/>
    <property name="user.language" value="en"/>
    <property name="idea.version2020.1.2" value="true"/>
    <property name="awt.toolkit" value="sun.lwawt.macosx.LWCToolkit"/>
    <property name="java.vm.info" value="mixed mode"/>
    <property name="java.version" value="1.8.0_241"/>
    <property name="java.ext.dirs" value="/Users/askarmusakunov/Library/Java/Extensions:/Library/Java/JavaVirtualMachines/jdk1.8.0_241.jdk/Contents/Home/jre/lib/ext:/Library/Java/Extensions:/Network/Library/Java/Extensions:/System/Library/Java/Extensions:/usr/lib/java"/>
    <property name="sun.boot.class.path" value="/Library/Java/JavaVirtualMachines/jdk1.8.0_241.jdk/Contents/Home/jre/lib/resources.jar:/Library/Java/JavaVirtualMachines/jdk1.8.0_241.jdk/Contents/Home/jre/lib/rt.jar:/Library/Java/JavaVirtualMachines/jdk1.8.0_241.jdk/Contents/Home/jre/lib/sunrsasign.jar:/Library/Java/JavaVirtualMachines/jdk1.8.0_241.jdk/Contents/Home/jre/lib/jsse.jar:/Library/Java/JavaVirtualMachines/jdk1.8.0_241.jdk/Contents/Home/jre/lib/jce.jar:/Library/Java/JavaVirtualMachines/jdk1.8.0_241.jdk/Contents/Home/jre/lib/charsets.jar:/Library/Java/JavaVirtualMachines/jdk1.8.0_241.jdk/Contents/Home/jre/lib/jfr.jar:/Library/Java/JavaVirtualMachines/jdk1.8.0_241.jdk/Contents/Home/jre/classes"/>
    <property name="java.vendor" value="Oracle Corporation"/>
    <property name="maven.home" value="/Applications/IntelliJ IDEA CE.app/Contents/plugins/maven/lib/maven3"/>
    <property name="file.separator" value="/"/>
    <property name="java.vendor.url.bug" value="http://bugreport.sun.com/bugreport/"/>
    <property name="sun.cpu.endian" value="little"/>
    <property name="sun.io.unicode.encoding" value="UnicodeBig"/>
    <property name="socksNonProxyHosts" value="local|*.local|169.254/16|*.169.254/16"/>
    <property name="ftp.nonProxyHosts" value="local|*.local|169.254/16|*.169.254/16"/>
    <property name="sun.cpu.isalist" value=""/>
  </properties>
  <testcase classname="Scenario: Withdraw after opening account" name="Given the user accounts are created" time="0.001"/>
  <testcase classname="Scenario: Withdraw after opening account" name="When the users withdraw" time="0"/>
  <testcase classname="Scenario: Withdraw after opening account" name="Then the users have the following balances" time="0"/>
  <testcase classname="Scenario: Withdraw after opening account" name="Scenario: Withdraw after opening account" time="0.001"/>
  <testcase classname="Scenario: Deposit amount within allowed range." name="And User account with accountNumer 234523453245 and routing number 123456789 is opened" time="0"/>
  <testcase classname="Scenario: Deposit amount within allowed range." name="When User deposits $1000.00" time="0"/>
  <testcase classname="Scenario: Deposit amount within allowed range." name="Then User should have $1000 in account" time="0"/>
  <testcase classname="Scenario: Deposit amount within allowed range." name="Scenario: Deposit amount within allowed range." time="0"/>
  <testcase classname="Scenario: Deposit within allowed range close to upper boundary" name="And User account with accountNumer 234523453245 and routing number 123456789 is opened" time="0"/>
  <testcase classname="Scenario: Deposit within allowed range close to upper boundary" name="When User deposits $9000.12" time="0"/>
  <testcase classname="Scenario: Deposit within allowed range close to upper boundary" name="Then User should have $9000.12 in account" time="0"/>
  <testcase classname="Scenario: Deposit within allowed range close to upper boundary" name="Scenario: Deposit within allowed range close to upper boundary" time="0"/>
  <testcase classname="Scenario: Deposit amount is negative" name="And User account with accountNumer 234523453245 and routing number 123456789 is opened" time="0"/>
  <testcase classname="Scenario: Deposit amount is negative" name="When User deposits $-1000.40" time="0"/>
  <testcase classname="Scenario: Deposit amount is negative" name="Then User should have $0.0 in account" time="0"/>
  <testcase classname="Scenario: Deposit amount is negative" name="Scenario: Deposit amount is negative" time="0.001"/>
  <testcase classname="Scenario: Deposit negative amount -1" name="And User account with accountNumer 234523453245 and routing number 123456789 is opened" time="0"/>
  <testcase classname="Scenario: Deposit negative amount -1" name="When User deposits $-1.33" time="0"/>
  <testcase classname="Scenario: Deposit negative amount -1" name="Then User should have $0.0 in account" time="0"/>
  <testcase classname="Scenario: Deposit negative amount -1" name="Scenario: Deposit negative amount -1" time="0"/>
  <testcase classname="Scenario: Deposit above the max limit" name="And User account with accountNumer 234523453245 and routing number 123456789 is opened" time="0.001"/>
  <testcase classname="Scenario: Deposit above the max limit" name="When User deposits $12000.22" time="0.001"/>
  <testcase classname="Scenario: Deposit above the max limit" name="Then User should have $0.0 in account" time="0"/>
  <testcase classname="Scenario: Deposit above the max limit" name="Scenario: Deposit above the max limit" time="0.001"/>
  <testcase classname="Scenario: Deposit 0" name="And User account with accountNumer 234523453245 and routing number 123456789 is opened" time="0"/>
  <testcase classname="Scenario: Deposit 0" name="When User deposits $0.0" time="0"/>
  <testcase classname="Scenario: Deposit 0" name="Then User should have $0.0 in account" time="0"/>
  <testcase classname="Scenario: Deposit 0" name="Scenario: Deposit 0" time="0.001"/>
  <testcase classname="Scenario: Deposit the max" name="And User account with accountNumer 234523453245 and routing number 123456789 is opened" time="0"/>
  <testcase classname="Scenario: Deposit the max" name="When User deposits $10000.00" time="0"/>
  <testcase classname="Scenario: Deposit the max" name="Then User should have $10000.00 in account" time="0.001"/>
  <testcase classname="Scenario: Deposit the max" name="Scenario: Deposit the max" time="0.001"/>
  <testcase classname="Scenario: Deposit multiple times within the range approach 2" name="And User account with accountNumer 234523453245 and routing number 123456789 is opened" time="0"/>
  <testcase classname="Scenario: Deposit multiple times within the range approach 2" name="When User deposits $6000.00" time="0"/>
  <testcase classname="Scenario: Deposit multiple times within the range approach 2" name="Then User should have $6000.00 in account" time="0"/>
  <testcase classname="Scenario: Deposit multiple times within the range approach 2" name="When User deposits $1000.00" time="0"/>
  <testcase classname="Scenario: Deposit multiple times within the range approach 2" name="Then User should have $7000.00 in account" time="0"/>
  <testcase classname="Scenario: Deposit multiple times within the range approach 2" name="Scenario: Deposit multiple times within the range approach 2" time="0"/>
  <testcase classname="Scenario: Withdraw from 0 balance" name="Given User account with accountNumer 234523453245 and routing number 123456789 is opened" time="0"/>
  <testcase classname="Scenario: Withdraw from 0 balance" name="And User deposits $-1000.00" time="0"/>
  <testcase classname="Scenario: Withdraw from 0 balance" name="When User withdraws $10.00" time="0"/>
  <testcase classname="Scenario: Withdraw from 0 balance" name="Then User should have $0.0 in account" time="0"/>
  <testcase classname="Scenario: Withdraw from 0 balance" name="Scenario: Withdraw from 0 balance" time="0.001"/>
  <testcase classname="Scenario: Multiple Account Deposit Test 2" name="Given the following user account is created" time="0"/>
  <testcase classname="Scenario: Multiple Account Deposit Test 2" name="When the following deposits are made" time="0"/>
  <testcase classname="Scenario: Multiple Account Deposit Test 2" name="Then accounts have the following balances" time="0"/>
  <testcase classname="Scenario: Multiple Account Deposit Test 2" name="Scenario: Multiple Account Deposit Test 2" time="0.001"/>
  <testcase classname="| JohnDoe@gmail.com | 123pass | JohnDoe@gmail.com | 123pass | HomePage |" name="Given user with &quot;JohnDoe@gmail.com&quot; and &quot;123pass&quot; is registered" time="0"/>
  <testcase classname="| JohnDoe@gmail.com | 123pass | JohnDoe@gmail.com | 123pass | HomePage |" name="When user with &quot;JohnDoe@gmail.com&quot; and &quot;123pass&quot; logs in" time="0"/>
  <testcase classname="| JohnDoe@gmail.com | 123pass | JohnDoe@gmail.com | 123pass | HomePage |" name="Then user should see the &quot;HomePage&quot;" time="0"/>
  <testcase classname="| JohnDoe@gmail.com | 123pass | JohnDoe@gmail.com | 123pass | HomePage |" name="| JohnDoe@gmail.com | 123pass | JohnDoe@gmail.com | 123pass | HomePage |" time="0"/>
  <testcase classname="| JohnDoe@gmail.com | 123pass | JohnDoe@gmail.com | 12pass | password error page |" name="Given user with &quot;JohnDoe@gmail.com&quot; and &quot;123pass&quot; is registered" time="0"/>
  <testcase classname="| JohnDoe@gmail.com | 123pass | JohnDoe@gmail.com | 12pass | password error page |" name="When user with &quot;JohnDoe@gmail.com&quot; and &quot;12pass&quot; logs in" time="0"/>
  <testcase classname="| JohnDoe@gmail.com | 123pass | JohnDoe@gmail.com | 12pass | password error page |" name="Then user should see the &quot;password error page&quot;" time="0"/>
  <testcase classname="| JohnDoe@gmail.com | 123pass | JohnDoe@gmail.com | 12pass | password error page |" name="| JohnDoe@gmail.com | 123pass | JohnDoe@gmail.com | 12pass | password error page |" time="0"/>
  <testcase classname="| JohnDoe@gmail.com | 123pass | John@gmail.com | 123pass | no username error page |" name="Given user with &quot;JohnDoe@gmail.com&quot; and &quot;123pass&quot; is registered" time="0"/>
  <testcase classname="| JohnDoe@gmail.com | 123pass | John@gmail.com | 123pass | no username error page |" name="When user with &quot;John@gmail.com&quot; and &quot;123pass&quot; logs in" time="0"/>
  <testcase classname="| JohnDoe@gmail.com | 123pass | John@gmail.com | 123pass | no username error page |" name="Then user should see the &quot;no username error page&quot;" time="0"/>
  <testcase classname="| JohnDoe@gmail.com | 123pass | John@gmail.com | 123pass | no username error page |" name="| JohnDoe@gmail.com | 123pass | John@gmail.com | 123pass | no username error page |" time="0.001"/>
  <testcase classname="| JohnDoe@gmail.com | 123pass | JohnDoe@gmail.com |  | input password |" name="Given user with &quot;JohnDoe@gmail.com&quot; and &quot;123pass&quot; is registered" time="0"/>
  <testcase classname="| JohnDoe@gmail.com | 123pass | JohnDoe@gmail.com |  | input password |" name="When user with &quot;JohnDoe@gmail.com&quot; and &quot;&quot; logs in" time="0"/>
  <testcase classname="| JohnDoe@gmail.com | 123pass | JohnDoe@gmail.com |  | input password |" name="Then user should see the &quot;input password&quot;" time="0"/>
  <testcase classname="| JohnDoe@gmail.com | 123pass | JohnDoe@gmail.com |  | input password |" name="| JohnDoe@gmail.com | 123pass | JohnDoe@gmail.com |  | input password |" time="0"/>
</testsuite>